<?xml version="1.0" encoding="UTF-8"?>
<!-- Generated by org.testng.reporters.JUnitReportReporter -->
<testsuite hostname="DESKTOP-FKGOML4" failures="0" tests="5" name="SendMailTest" time="306.602" errors="0" timestamp="2021-04-23T12:01:00 EEST" skipped="0">
  <testcase classname="SendMailTest" name="testSendMailFromActiveAccountCheckInSentDeleteLetter" time="65.993"/>
  <system-out/>
  <testcase classname="SendMailTest" name="testSendMailFromActiveAccountCheckInSentDeleteLetter" time="56.193"/>
  <system-out/>
  <testcase classname="SendMailTest" name="testSendMailFromActiveAccountCheckInSentDeleteLetter" time="63.775"/>
  <system-out/>
  <testcase classname="SendMailTest" name="testSendMailFromActiveAccountCheckInSentDeleteLetter" time="62.656"/>
  <system-out/>
  <testcase classname="SendMailTest" name="testSendMailFromActiveAccountCheckInSentDeleteLetter" time="57.985"/>
  <system-out/>
</testsuite> <!-- SendMailTest -->
