<?xml version="1.0" encoding="UTF-8"?>
<!-- Generated by org.testng.reporters.JUnitReportReporter -->
<testsuite hostname="DESKTOP-FKGOML4" failures="0" tests="5" name="SendMailTest" time="312.144" errors="0" timestamp="2021-04-23T12:46:40 EEST" skipped="0">
  <testcase classname="SendMailTest" name="testSendMailFromActiveAccountCheckInSentDeleteLetter" time="56.952"/>
  <system-out/>
  <testcase classname="SendMailTest" name="testSendMailFromActiveAccountCheckInSentDeleteLetter" time="71.673"/>
  <system-out/>
  <testcase classname="SendMailTest" name="testSendMailFromActiveAccountCheckInSentDeleteLetter" time="57.661"/>
  <system-out/>
  <testcase classname="SendMailTest" name="testSendMailFromActiveAccountCheckInSentDeleteLetter" time="63.183"/>
  <system-out/>
  <testcase classname="SendMailTest" name="testSendMailFromActiveAccountCheckInSentDeleteLetter" time="62.675"/>
  <system-out/>
</testsuite> <!-- SendMailTest -->
